d:\projects\loopsweeper\source\platformer\debug\vc120.pdb
d:\projects\loopsweeper\source\platformer\debug\playercamera.obj
d:\projects\loopsweeper\source\platformer\debug\mouse.obj
d:\projects\loopsweeper\source\platformer\debug\lookatcamera.obj
d:\projects\loopsweeper\source\platformer\debug\level.obj
d:\projects\loopsweeper\source\platformer\debug\keyboard.obj
d:\projects\loopsweeper\source\platformer\debug\input.obj
d:\projects\loopsweeper\source\platformer\debug\gamesettings.obj
d:\projects\loopsweeper\source\platformer\debug\gamepad.obj
d:\projects\loopsweeper\source\platformer\debug\gameengine.obj
d:\projects\loopsweeper\source\platformer\debug\fileserializer.obj
d:\projects\loopsweeper\source\platformer\debug\filereader.obj
d:\projects\loopsweeper\source\platformer\debug\dynamicactor.obj
d:\projects\loopsweeper\source\platformer\debug\debugtrace.obj
d:\projects\loopsweeper\source\platformer\debug\debugprint.obj
d:\projects\loopsweeper\source\platformer\debug\debugcamera.obj
d:\projects\loopsweeper\source\platformer\debug\coopcamera.obj
d:\projects\loopsweeper\source\platformer\debug\collision.obj
d:\projects\loopsweeper\source\platformer\debug\cameramanager.obj
d:\projects\loopsweeper\source\platformer\debug\camera.obj
d:\projects\loopsweeper\source\platformer\debug\actor.obj
d:\projects\loopsweeper\source\platformer\debug\cell.obj
d:\projects\loopsweeper\source\platformer\debug\audiodevice.obj
d:\projects\loopsweeper\source\platformer\debug\world.obj
d:\projects\loopsweeper\source\platformer\debug\view.obj
d:\projects\loopsweeper\source\platformer\debug\vector2d.obj
d:\projects\loopsweeper\source\platformer\debug\transitioncamera.obj
d:\projects\loopsweeper\source\platformer\debug\tilesetmapping.obj
d:\projects\loopsweeper\source\platformer\debug\tilesetlist.obj
d:\projects\loopsweeper\source\platformer\debug\tilesetbitmap.obj
d:\projects\loopsweeper\source\platformer\debug\tileset.obj
d:\projects\loopsweeper\source\platformer\debug\tilemap.obj
d:\projects\loopsweeper\source\platformer\debug\texturemanager.obj
d:\projects\loopsweeper\source\platformer\debug\textparser.obj
d:\projects\loopsweeper\source\platformer\debug\spritemanager.obj
d:\projects\loopsweeper\source\platformer\debug\spriteinfo.obj
d:\projects\loopsweeper\source\platformer\debug\sprite.obj
d:\projects\loopsweeper\source\platformer\debug\serializer.obj
d:\projects\loopsweeper\source\platformer\debug\render2d.obj
d:\projects\loopsweeper\source\platformer\debug\reflectableeditor.obj
d:\projects\loopsweeper\source\platformer\debug\reflectable.obj
d:\projects\loopsweeper\source\platformer\debug\main.obj
d:\projects\loopsweeper\source\platformer\debug\workspace.obj
d:\projects\loopsweeper\source\platformer\debug\window.obj
d:\projects\loopsweeper\source\platformer\debug\looptimer.obj
d:\projects\loopsweeper\source\platformer\debug\loopboard.obj
d:\projects\loopsweeper\source\platformer\debug\instrument.obj
d:\projects\loopsweeper\source\platformer\debug\popupmanager.obj
d:\projects\loopsweeper\source\platformer\debug\editoroption.obj
d:\projects\loopsweeper\source\platformer\debug\instrumentmanager.obj
d:\projects\loopsweeper\source\platformer\debug\loopsweeper.ilk
d:\projects\loopsweeper\source\platformer\debug\loopsweeper.exe
d:\projects\loopsweeper\source\platformer\debug\blankgame.pdb
d:\projects\loopsweeper\source\platformer\debug\resource.res
d:\projects\loopsweeper\source\platformer\.\debug\loopsweeper.exe
d:\projects\loopsweeper\source\platformer\debug\loopsweeper.tlog\cl.command.1.tlog
d:\projects\loopsweeper\source\platformer\debug\loopsweeper.tlog\cl.read.1.tlog
d:\projects\loopsweeper\source\platformer\debug\loopsweeper.tlog\cl.write.1.tlog
d:\projects\loopsweeper\source\platformer\debug\loopsweeper.tlog\link.command.1.tlog
d:\projects\loopsweeper\source\platformer\debug\loopsweeper.tlog\link.read.1.tlog
d:\projects\loopsweeper\source\platformer\debug\loopsweeper.tlog\link.write.1.tlog
d:\projects\loopsweeper\source\platformer\debug\loopsweeper.tlog\rc.command.1.tlog
d:\projects\loopsweeper\source\platformer\debug\loopsweeper.tlog\rc.read.1.tlog
d:\projects\loopsweeper\source\platformer\debug\loopsweeper.tlog\rc.write.1.tlog
